c:\users\abhig\downloads\vulkan_rt\build\_deps\glfw-build\examples\sharing.dir\debug\vc143.pdb
c:\users\abhig\downloads\vulkan_rt\build\_deps\glfw-build\examples\sharing.dir\debug\glad_gl.obj
c:\users\abhig\downloads\vulkan_rt\build\_deps\glfw-build\examples\sharing.dir\debug\sharing.obj
c:\users\abhig\downloads\vulkan_rt\build\_deps\glfw-build\examples\cmakefiles\generate.stamp
c:\users\abhig\downloads\vulkan_rt\build\_deps\glfw-build\examples\debug\sharing.exe
c:\users\abhig\downloads\vulkan_rt\build\_deps\glfw-build\examples\debug\sharing.pdb
c:\users\abhig\downloads\vulkan_rt\build\_deps\glfw-build\examples\sharing.dir\debug\glfw.res
c:\users\abhig\downloads\vulkan_rt\build\_deps\glfw-build\examples\sharing.dir\debug\sharing.ilk
c:\users\abhig\downloads\vulkan_rt\build\_deps\glfw-build\examples\sharing.dir\debug\sharing.tlog\cl.command.1.tlog
c:\users\abhig\downloads\vulkan_rt\build\_deps\glfw-build\examples\sharing.dir\debug\sharing.tlog\cl.items.tlog
c:\users\abhig\downloads\vulkan_rt\build\_deps\glfw-build\examples\sharing.dir\debug\sharing.tlog\cl.read.1.tlog
c:\users\abhig\downloads\vulkan_rt\build\_deps\glfw-build\examples\sharing.dir\debug\sharing.tlog\cl.write.1.tlog
c:\users\abhig\downloads\vulkan_rt\build\_deps\glfw-build\examples\sharing.dir\debug\sharing.tlog\custombuild.command.1.tlog
c:\users\abhig\downloads\vulkan_rt\build\_deps\glfw-build\examples\sharing.dir\debug\sharing.tlog\custombuild.read.1.tlog
c:\users\abhig\downloads\vulkan_rt\build\_deps\glfw-build\examples\sharing.dir\debug\sharing.tlog\custombuild.write.1.tlog
c:\users\abhig\downloads\vulkan_rt\build\_deps\glfw-build\examples\sharing.dir\debug\sharing.tlog\link.command.1.tlog
c:\users\abhig\downloads\vulkan_rt\build\_deps\glfw-build\examples\sharing.dir\debug\sharing.tlog\link.read.1.tlog
c:\users\abhig\downloads\vulkan_rt\build\_deps\glfw-build\examples\sharing.dir\debug\sharing.tlog\link.secondary.1.tlog
c:\users\abhig\downloads\vulkan_rt\build\_deps\glfw-build\examples\sharing.dir\debug\sharing.tlog\link.write.1.tlog
c:\users\abhig\downloads\vulkan_rt\build\_deps\glfw-build\examples\sharing.dir\debug\sharing.tlog\rc.command.1.tlog
c:\users\abhig\downloads\vulkan_rt\build\_deps\glfw-build\examples\sharing.dir\debug\sharing.tlog\rc.read.1.tlog
c:\users\abhig\downloads\vulkan_rt\build\_deps\glfw-build\examples\sharing.dir\debug\sharing.tlog\rc.write.1.tlog
