c:\users\abhig\downloads\vulkan_rt\build\_deps\glfw-build\examples\wave.dir\debug\vc143.pdb
c:\users\abhig\downloads\vulkan_rt\build\_deps\glfw-build\examples\wave.dir\debug\glad_gl.obj
c:\users\abhig\downloads\vulkan_rt\build\_deps\glfw-build\examples\wave.dir\debug\wave.obj
c:\users\abhig\downloads\vulkan_rt\build\_deps\glfw-build\examples\cmakefiles\generate.stamp
c:\users\abhig\downloads\vulkan_rt\build\_deps\glfw-build\examples\debug\wave.exe
c:\users\abhig\downloads\vulkan_rt\build\_deps\glfw-build\examples\debug\wave.pdb
c:\users\abhig\downloads\vulkan_rt\build\_deps\glfw-build\examples\wave.dir\debug\glfw.res
c:\users\abhig\downloads\vulkan_rt\build\_deps\glfw-build\examples\wave.dir\debug\wave.ilk
c:\users\abhig\downloads\vulkan_rt\build\_deps\glfw-build\examples\wave.dir\debug\wave.tlog\cl.command.1.tlog
c:\users\abhig\downloads\vulkan_rt\build\_deps\glfw-build\examples\wave.dir\debug\wave.tlog\cl.items.tlog
c:\users\abhig\downloads\vulkan_rt\build\_deps\glfw-build\examples\wave.dir\debug\wave.tlog\cl.read.1.tlog
c:\users\abhig\downloads\vulkan_rt\build\_deps\glfw-build\examples\wave.dir\debug\wave.tlog\cl.write.1.tlog
c:\users\abhig\downloads\vulkan_rt\build\_deps\glfw-build\examples\wave.dir\debug\wave.tlog\custombuild.command.1.tlog
c:\users\abhig\downloads\vulkan_rt\build\_deps\glfw-build\examples\wave.dir\debug\wave.tlog\custombuild.read.1.tlog
c:\users\abhig\downloads\vulkan_rt\build\_deps\glfw-build\examples\wave.dir\debug\wave.tlog\custombuild.write.1.tlog
c:\users\abhig\downloads\vulkan_rt\build\_deps\glfw-build\examples\wave.dir\debug\wave.tlog\link.command.1.tlog
c:\users\abhig\downloads\vulkan_rt\build\_deps\glfw-build\examples\wave.dir\debug\wave.tlog\link.read.1.tlog
c:\users\abhig\downloads\vulkan_rt\build\_deps\glfw-build\examples\wave.dir\debug\wave.tlog\link.secondary.1.tlog
c:\users\abhig\downloads\vulkan_rt\build\_deps\glfw-build\examples\wave.dir\debug\wave.tlog\link.write.1.tlog
c:\users\abhig\downloads\vulkan_rt\build\_deps\glfw-build\examples\wave.dir\debug\wave.tlog\rc.command.1.tlog
c:\users\abhig\downloads\vulkan_rt\build\_deps\glfw-build\examples\wave.dir\debug\wave.tlog\rc.read.1.tlog
c:\users\abhig\downloads\vulkan_rt\build\_deps\glfw-build\examples\wave.dir\debug\wave.tlog\rc.write.1.tlog
