c:\users\abhig\downloads\vulkan_rt\build\_deps\glfw-build\examples\simple.dir\debug\vc143.pdb
c:\users\abhig\downloads\vulkan_rt\build\_deps\glfw-build\examples\simple.dir\debug\glad_gl.obj
c:\users\abhig\downloads\vulkan_rt\build\_deps\glfw-build\examples\simple.dir\debug\simple.obj
c:\users\abhig\downloads\vulkan_rt\build\_deps\glfw-build\examples\cmakefiles\generate.stamp
c:\users\abhig\downloads\vulkan_rt\build\_deps\glfw-build\examples\debug\simple.exe
c:\users\abhig\downloads\vulkan_rt\build\_deps\glfw-build\examples\debug\simple.pdb
c:\users\abhig\downloads\vulkan_rt\build\_deps\glfw-build\examples\simple.dir\debug\glfw.res
c:\users\abhig\downloads\vulkan_rt\build\_deps\glfw-build\examples\simple.dir\debug\simple.ilk
c:\users\abhig\downloads\vulkan_rt\build\_deps\glfw-build\examples\simple.dir\debug\simple.tlog\cl.command.1.tlog
c:\users\abhig\downloads\vulkan_rt\build\_deps\glfw-build\examples\simple.dir\debug\simple.tlog\cl.items.tlog
c:\users\abhig\downloads\vulkan_rt\build\_deps\glfw-build\examples\simple.dir\debug\simple.tlog\cl.read.1.tlog
c:\users\abhig\downloads\vulkan_rt\build\_deps\glfw-build\examples\simple.dir\debug\simple.tlog\cl.write.1.tlog
c:\users\abhig\downloads\vulkan_rt\build\_deps\glfw-build\examples\simple.dir\debug\simple.tlog\custombuild.command.1.tlog
c:\users\abhig\downloads\vulkan_rt\build\_deps\glfw-build\examples\simple.dir\debug\simple.tlog\custombuild.read.1.tlog
c:\users\abhig\downloads\vulkan_rt\build\_deps\glfw-build\examples\simple.dir\debug\simple.tlog\custombuild.write.1.tlog
c:\users\abhig\downloads\vulkan_rt\build\_deps\glfw-build\examples\simple.dir\debug\simple.tlog\link.command.1.tlog
c:\users\abhig\downloads\vulkan_rt\build\_deps\glfw-build\examples\simple.dir\debug\simple.tlog\link.read.1.tlog
c:\users\abhig\downloads\vulkan_rt\build\_deps\glfw-build\examples\simple.dir\debug\simple.tlog\link.secondary.1.tlog
c:\users\abhig\downloads\vulkan_rt\build\_deps\glfw-build\examples\simple.dir\debug\simple.tlog\link.write.1.tlog
c:\users\abhig\downloads\vulkan_rt\build\_deps\glfw-build\examples\simple.dir\debug\simple.tlog\rc.command.1.tlog
c:\users\abhig\downloads\vulkan_rt\build\_deps\glfw-build\examples\simple.dir\debug\simple.tlog\rc.read.1.tlog
c:\users\abhig\downloads\vulkan_rt\build\_deps\glfw-build\examples\simple.dir\debug\simple.tlog\rc.write.1.tlog
