c:\users\abhig\downloads\vulkan_rt\build\_deps\glfw-build\examples\offscreen.dir\debug\vc143.pdb
c:\users\abhig\downloads\vulkan_rt\build\_deps\glfw-build\examples\offscreen.dir\debug\glad_gl.obj
c:\users\abhig\downloads\vulkan_rt\build\_deps\glfw-build\examples\offscreen.dir\debug\offscreen.obj
c:\users\abhig\downloads\vulkan_rt\build\_deps\glfw-build\examples\cmakefiles\generate.stamp
c:\users\abhig\downloads\vulkan_rt\build\_deps\glfw-build\examples\debug\offscreen.exe
c:\users\abhig\downloads\vulkan_rt\build\_deps\glfw-build\examples\debug\offscreen.pdb
c:\users\abhig\downloads\vulkan_rt\build\_deps\glfw-build\examples\offscreen.dir\debug\glfw.res
c:\users\abhig\downloads\vulkan_rt\build\_deps\glfw-build\examples\offscreen.dir\debug\offscreen.ilk
c:\users\abhig\downloads\vulkan_rt\build\_deps\glfw-build\examples\offscreen.dir\debug\offscreen.tlog\cl.command.1.tlog
c:\users\abhig\downloads\vulkan_rt\build\_deps\glfw-build\examples\offscreen.dir\debug\offscreen.tlog\cl.items.tlog
c:\users\abhig\downloads\vulkan_rt\build\_deps\glfw-build\examples\offscreen.dir\debug\offscreen.tlog\cl.read.1.tlog
c:\users\abhig\downloads\vulkan_rt\build\_deps\glfw-build\examples\offscreen.dir\debug\offscreen.tlog\cl.write.1.tlog
c:\users\abhig\downloads\vulkan_rt\build\_deps\glfw-build\examples\offscreen.dir\debug\offscreen.tlog\custombuild.command.1.tlog
c:\users\abhig\downloads\vulkan_rt\build\_deps\glfw-build\examples\offscreen.dir\debug\offscreen.tlog\custombuild.read.1.tlog
c:\users\abhig\downloads\vulkan_rt\build\_deps\glfw-build\examples\offscreen.dir\debug\offscreen.tlog\custombuild.write.1.tlog
c:\users\abhig\downloads\vulkan_rt\build\_deps\glfw-build\examples\offscreen.dir\debug\offscreen.tlog\link.command.1.tlog
c:\users\abhig\downloads\vulkan_rt\build\_deps\glfw-build\examples\offscreen.dir\debug\offscreen.tlog\link.read.1.tlog
c:\users\abhig\downloads\vulkan_rt\build\_deps\glfw-build\examples\offscreen.dir\debug\offscreen.tlog\link.secondary.1.tlog
c:\users\abhig\downloads\vulkan_rt\build\_deps\glfw-build\examples\offscreen.dir\debug\offscreen.tlog\link.write.1.tlog
c:\users\abhig\downloads\vulkan_rt\build\_deps\glfw-build\examples\offscreen.dir\debug\offscreen.tlog\rc.command.1.tlog
c:\users\abhig\downloads\vulkan_rt\build\_deps\glfw-build\examples\offscreen.dir\debug\offscreen.tlog\rc.read.1.tlog
c:\users\abhig\downloads\vulkan_rt\build\_deps\glfw-build\examples\offscreen.dir\debug\offscreen.tlog\rc.write.1.tlog
