c:\users\abhig\downloads\vulkan_rt\build\_deps\glfw-build\examples\heightmap.dir\debug\vc143.pdb
c:\users\abhig\downloads\vulkan_rt\build\_deps\glfw-build\examples\heightmap.dir\debug\glad_gl.obj
c:\users\abhig\downloads\vulkan_rt\build\_deps\glfw-build\examples\heightmap.dir\debug\heightmap.obj
c:\users\abhig\downloads\vulkan_rt\build\_deps\glfw-build\examples\cmakefiles\generate.stamp
c:\users\abhig\downloads\vulkan_rt\build\_deps\glfw-build\examples\debug\heightmap.exe
c:\users\abhig\downloads\vulkan_rt\build\_deps\glfw-build\examples\debug\heightmap.pdb
c:\users\abhig\downloads\vulkan_rt\build\_deps\glfw-build\examples\heightmap.dir\debug\glfw.res
c:\users\abhig\downloads\vulkan_rt\build\_deps\glfw-build\examples\heightmap.dir\debug\heightmap.ilk
c:\users\abhig\downloads\vulkan_rt\build\_deps\glfw-build\examples\heightmap.dir\debug\heightmap.tlog\cl.command.1.tlog
c:\users\abhig\downloads\vulkan_rt\build\_deps\glfw-build\examples\heightmap.dir\debug\heightmap.tlog\cl.items.tlog
c:\users\abhig\downloads\vulkan_rt\build\_deps\glfw-build\examples\heightmap.dir\debug\heightmap.tlog\cl.read.1.tlog
c:\users\abhig\downloads\vulkan_rt\build\_deps\glfw-build\examples\heightmap.dir\debug\heightmap.tlog\cl.write.1.tlog
c:\users\abhig\downloads\vulkan_rt\build\_deps\glfw-build\examples\heightmap.dir\debug\heightmap.tlog\custombuild.command.1.tlog
c:\users\abhig\downloads\vulkan_rt\build\_deps\glfw-build\examples\heightmap.dir\debug\heightmap.tlog\custombuild.read.1.tlog
c:\users\abhig\downloads\vulkan_rt\build\_deps\glfw-build\examples\heightmap.dir\debug\heightmap.tlog\custombuild.write.1.tlog
c:\users\abhig\downloads\vulkan_rt\build\_deps\glfw-build\examples\heightmap.dir\debug\heightmap.tlog\link.command.1.tlog
c:\users\abhig\downloads\vulkan_rt\build\_deps\glfw-build\examples\heightmap.dir\debug\heightmap.tlog\link.read.1.tlog
c:\users\abhig\downloads\vulkan_rt\build\_deps\glfw-build\examples\heightmap.dir\debug\heightmap.tlog\link.secondary.1.tlog
c:\users\abhig\downloads\vulkan_rt\build\_deps\glfw-build\examples\heightmap.dir\debug\heightmap.tlog\link.write.1.tlog
c:\users\abhig\downloads\vulkan_rt\build\_deps\glfw-build\examples\heightmap.dir\debug\heightmap.tlog\rc.command.1.tlog
c:\users\abhig\downloads\vulkan_rt\build\_deps\glfw-build\examples\heightmap.dir\debug\heightmap.tlog\rc.read.1.tlog
c:\users\abhig\downloads\vulkan_rt\build\_deps\glfw-build\examples\heightmap.dir\debug\heightmap.tlog\rc.write.1.tlog
