c:\users\abhig\downloads\vulkan_rt\build\_deps\glfw-build\examples\splitview.dir\debug\vc143.pdb
c:\users\abhig\downloads\vulkan_rt\build\_deps\glfw-build\examples\splitview.dir\debug\glad_gl.obj
c:\users\abhig\downloads\vulkan_rt\build\_deps\glfw-build\examples\splitview.dir\debug\splitview.obj
c:\users\abhig\downloads\vulkan_rt\build\_deps\glfw-build\examples\cmakefiles\generate.stamp
c:\users\abhig\downloads\vulkan_rt\build\_deps\glfw-build\examples\debug\splitview.exe
c:\users\abhig\downloads\vulkan_rt\build\_deps\glfw-build\examples\debug\splitview.pdb
c:\users\abhig\downloads\vulkan_rt\build\_deps\glfw-build\examples\splitview.dir\debug\glfw.res
c:\users\abhig\downloads\vulkan_rt\build\_deps\glfw-build\examples\splitview.dir\debug\splitview.ilk
c:\users\abhig\downloads\vulkan_rt\build\_deps\glfw-build\examples\splitview.dir\debug\splitview.tlog\cl.command.1.tlog
c:\users\abhig\downloads\vulkan_rt\build\_deps\glfw-build\examples\splitview.dir\debug\splitview.tlog\cl.items.tlog
c:\users\abhig\downloads\vulkan_rt\build\_deps\glfw-build\examples\splitview.dir\debug\splitview.tlog\cl.read.1.tlog
c:\users\abhig\downloads\vulkan_rt\build\_deps\glfw-build\examples\splitview.dir\debug\splitview.tlog\cl.write.1.tlog
c:\users\abhig\downloads\vulkan_rt\build\_deps\glfw-build\examples\splitview.dir\debug\splitview.tlog\custombuild.command.1.tlog
c:\users\abhig\downloads\vulkan_rt\build\_deps\glfw-build\examples\splitview.dir\debug\splitview.tlog\custombuild.read.1.tlog
c:\users\abhig\downloads\vulkan_rt\build\_deps\glfw-build\examples\splitview.dir\debug\splitview.tlog\custombuild.write.1.tlog
c:\users\abhig\downloads\vulkan_rt\build\_deps\glfw-build\examples\splitview.dir\debug\splitview.tlog\link.command.1.tlog
c:\users\abhig\downloads\vulkan_rt\build\_deps\glfw-build\examples\splitview.dir\debug\splitview.tlog\link.read.1.tlog
c:\users\abhig\downloads\vulkan_rt\build\_deps\glfw-build\examples\splitview.dir\debug\splitview.tlog\link.secondary.1.tlog
c:\users\abhig\downloads\vulkan_rt\build\_deps\glfw-build\examples\splitview.dir\debug\splitview.tlog\link.write.1.tlog
c:\users\abhig\downloads\vulkan_rt\build\_deps\glfw-build\examples\splitview.dir\debug\splitview.tlog\rc.command.1.tlog
c:\users\abhig\downloads\vulkan_rt\build\_deps\glfw-build\examples\splitview.dir\debug\splitview.tlog\rc.read.1.tlog
c:\users\abhig\downloads\vulkan_rt\build\_deps\glfw-build\examples\splitview.dir\debug\splitview.tlog\rc.write.1.tlog
