c:\users\abhig\downloads\vulkan_rt\build\_deps\glfw-build\examples\gears.dir\debug\vc143.pdb
c:\users\abhig\downloads\vulkan_rt\build\_deps\glfw-build\examples\gears.dir\debug\glad_gl.obj
c:\users\abhig\downloads\vulkan_rt\build\_deps\glfw-build\examples\gears.dir\debug\gears.obj
c:\users\abhig\downloads\vulkan_rt\build\_deps\glfw-build\examples\cmakefiles\generate.stamp
c:\users\abhig\downloads\vulkan_rt\build\_deps\glfw-build\examples\debug\gears.exe
c:\users\abhig\downloads\vulkan_rt\build\_deps\glfw-build\examples\debug\gears.pdb
c:\users\abhig\downloads\vulkan_rt\build\_deps\glfw-build\examples\gears.dir\debug\glfw.res
c:\users\abhig\downloads\vulkan_rt\build\_deps\glfw-build\examples\gears.dir\debug\gears.ilk
c:\users\abhig\downloads\vulkan_rt\build\_deps\glfw-build\examples\gears.dir\debug\gears.tlog\cl.command.1.tlog
c:\users\abhig\downloads\vulkan_rt\build\_deps\glfw-build\examples\gears.dir\debug\gears.tlog\cl.items.tlog
c:\users\abhig\downloads\vulkan_rt\build\_deps\glfw-build\examples\gears.dir\debug\gears.tlog\cl.read.1.tlog
c:\users\abhig\downloads\vulkan_rt\build\_deps\glfw-build\examples\gears.dir\debug\gears.tlog\cl.write.1.tlog
c:\users\abhig\downloads\vulkan_rt\build\_deps\glfw-build\examples\gears.dir\debug\gears.tlog\custombuild.command.1.tlog
c:\users\abhig\downloads\vulkan_rt\build\_deps\glfw-build\examples\gears.dir\debug\gears.tlog\custombuild.read.1.tlog
c:\users\abhig\downloads\vulkan_rt\build\_deps\glfw-build\examples\gears.dir\debug\gears.tlog\custombuild.write.1.tlog
c:\users\abhig\downloads\vulkan_rt\build\_deps\glfw-build\examples\gears.dir\debug\gears.tlog\link.command.1.tlog
c:\users\abhig\downloads\vulkan_rt\build\_deps\glfw-build\examples\gears.dir\debug\gears.tlog\link.read.1.tlog
c:\users\abhig\downloads\vulkan_rt\build\_deps\glfw-build\examples\gears.dir\debug\gears.tlog\link.secondary.1.tlog
c:\users\abhig\downloads\vulkan_rt\build\_deps\glfw-build\examples\gears.dir\debug\gears.tlog\link.write.1.tlog
c:\users\abhig\downloads\vulkan_rt\build\_deps\glfw-build\examples\gears.dir\debug\gears.tlog\rc.command.1.tlog
c:\users\abhig\downloads\vulkan_rt\build\_deps\glfw-build\examples\gears.dir\debug\gears.tlog\rc.read.1.tlog
c:\users\abhig\downloads\vulkan_rt\build\_deps\glfw-build\examples\gears.dir\debug\gears.tlog\rc.write.1.tlog
